#
# There is insufficient memory for the Java Runtime Environment to continue.
# Native memory allocation (malloc) failed to allocate 32784 bytes. Error detail: Chunk::new
# Possible reasons:
#   The system is out of physical RAM or swap space
#   This process is running with CompressedOops enabled, and the Java Heap may be blocking the growth of the native heap
# Possible solutions:
#   Reduce memory load on the system
#   Increase physical memory or swap space
#   Check if swap backing store is full
#   Decrease Java heap size (-Xmx/-Xms)
#   Decrease number of Java threads
#   Decrease Java thread stack sizes (-Xss)
#   Set larger code cache with -XX:ReservedCodeCacheSize=
#   JVM is running with Unscaled Compressed Oops mode in which the Java heap is
#     placed in the first 4GB address space. The Java Heap base address is the
#     maximum limit for the native heap growth. Please use -XX:HeapBaseMinAddress
#     to set the Java Heap base and to place the Java Heap above 4GB virtual address.
# This output file may be truncated or incomplete.
#
#  Out of Memory Error (arena.cpp:191), pid=27620, tid=22360
#
# JRE version: OpenJDK Runtime Environment Temurin-17.0.11+9 (17.0.11+9) (build 17.0.11+9)
# Java VM: OpenJDK 64-Bit Server VM Temurin-17.0.11+9 (17.0.11+9, mixed mode, tiered, compressed oops, compressed class ptrs, parallel gc, windows-amd64)
# No core dump will be written. Minidumps are not enabled by default on client versions of Windows
#

---------------  S U M M A R Y ------------

Command Line: --add-modules=ALL-SYSTEM --add-opens=java.base/java.util=ALL-UNNAMED --add-opens=java.base/java.lang=ALL-UNNAMED --add-opens=java.base/sun.nio.fs=ALL-UNNAMED -Declipse.application=org.eclipse.jdt.ls.core.id1 -Dosgi.bundles.defaultStartLevel=4 -Declipse.product=org.eclipse.jdt.ls.core.product -Djava.import.generatesMetadataFilesAtProjectRoot=false -DDetectVMInstallationsJob.disabled=true -Dfile.encoding=utf8 -XX:+UseParallelGC -XX:GCTimeRatio=4 -XX:AdaptiveSizePolicyWeight=90 -Dsun.zip.disableMemoryMapping=true -Xmx1G -Xms100m -Xlog:disable -javaagent:c:\Users\Daniyal Khan\.vscode\extensions\redhat.java-1.33.0-win32-x64\lombok\lombok-1.18.33.jar c:\Users\Daniyal Khan\.vscode\extensions\redhat.java-1.33.0-win32-x64\server\plugins\org.eclipse.equinox.launcher_1.6.900.v20240613-2009.jar -configuration c:\Users\Daniyal Khan\AppData\Roaming\Code\User\globalStorage\redhat.java\1.33.0\config_ss_win -data c:\Users\Daniyal Khan\AppData\Roaming\Code\User\workspaceStorage\49a74228c8d75fc2a2430765716ff79a\redhat.java\ss_ws --pipe=\\.\pipe\lsp-b6b553902a98d88bae05be902c66f25e-sock

Host: Intel(R) Core(TM) i3-4005U CPU @ 1.70GHz, 4 cores, 11G,  Windows 10 , 64 bit Build 19041 (10.0.19041.4597)
Time: Sat Aug 24 15:15:55 2024 Pakistan Standard Time elapsed time: 6.915241 seconds (0d 0h 0m 6s)

---------------  T H R E A D  ---------------

Current thread (0x00000201ce7504e0):  JavaThread "C2 CompilerThread1" daemon [_thread_in_native, id=22360, stack(0x0000002584400000,0x0000002584500000)]


Current CompileTask:
C2:   6915  632 %     4       sun.security.provider.SHA2::implCompress0 @ 27 (490 bytes)

Stack: [0x0000002584400000,0x0000002584500000]
Native frames: (J=compiled Java code, j=interpreted, Vv=VM code, C=native code)
V  [jvm.dll+0x67d429]
V  [jvm.dll+0x834b7a]
V  [jvm.dll+0x83663e]
V  [jvm.dll+0x836ca3]
V  [jvm.dll+0x247dbf]
V  [jvm.dll+0xac534]
V  [jvm.dll+0xacb7c]
V  [jvm.dll+0x6a0f13]
V  [jvm.dll+0x219072]
V  [jvm.dll+0x1a534d]
V  [jvm.dll+0x2295cd]
V  [jvm.dll+0x22779c]
V  [jvm.dll+0x7e9d07]
V  [jvm.dll+0x7e410a]
V  [jvm.dll+0x67c315]
C  [ucrtbase.dll+0x21bb2]
C  [KERNEL32.DLL+0x17374]
C  [ntdll.dll+0x4cc91]


---------------  P R O C E S S  ---------------

Threads class SMR info:
_java_thread_list=0x00000201ce794350, length=13, elements={
0x00000201b533e6c0, 0x00000201c917f3a0, 0x00000201c9181d90, 0x00000201c91aa150,
0x00000201c91ad0f0, 0x00000201c91adc80, 0x00000201c91af560, 0x00000201c91b0160,
0x00000201ce3539d0, 0x00000201ce3586b0, 0x00000201ce41d000, 0x00000201ce604620,
0x00000201ce7504e0
}

Java Threads: ( => current thread )
  0x00000201b533e6c0 JavaThread "main" [_thread_in_vm, id=6248, stack(0x0000002583500000,0x0000002583600000)]
  0x00000201c917f3a0 JavaThread "Reference Handler" daemon [_thread_blocked, id=9864, stack(0x0000002583800000,0x0000002583900000)]
  0x00000201c9181d90 JavaThread "Finalizer" daemon [_thread_blocked, id=22092, stack(0x0000002583900000,0x0000002583a00000)]
  0x00000201c91aa150 JavaThread "Signal Dispatcher" daemon [_thread_blocked, id=14776, stack(0x0000002583a00000,0x0000002583b00000)]
  0x00000201c91ad0f0 JavaThread "Attach Listener" daemon [_thread_blocked, id=964, stack(0x0000002583b00000,0x0000002583c00000)]
  0x00000201c91adc80 JavaThread "Service Thread" daemon [_thread_blocked, id=12588, stack(0x0000002583c00000,0x0000002583d00000)]
  0x00000201c91af560 JavaThread "Monitor Deflation Thread" daemon [_thread_blocked, id=23604, stack(0x0000002583d00000,0x0000002583e00000)]
  0x00000201c91b0160 JavaThread "C2 CompilerThread0" daemon [_thread_in_native, id=15636, stack(0x0000002583e00000,0x0000002583f00000)]
  0x00000201ce3539d0 JavaThread "C1 CompilerThread0" daemon [_thread_blocked, id=10836, stack(0x0000002583f00000,0x0000002584000000)]
  0x00000201ce3586b0 JavaThread "Sweeper thread" daemon [_thread_blocked, id=1696, stack(0x0000002584000000,0x0000002584100000)]
  0x00000201ce41d000 JavaThread "Common-Cleaner" daemon [_thread_blocked, id=19856, stack(0x0000002584100000,0x0000002584200000)]
  0x00000201ce604620 JavaThread "Notification Thread" daemon [_thread_blocked, id=16248, stack(0x0000002584200000,0x0000002584300000)]
=>0x00000201ce7504e0 JavaThread "C2 CompilerThread1" daemon [_thread_in_native, id=22360, stack(0x0000002584400000,0x0000002584500000)]

Other Threads:
  0x00000201b53fc790 VMThread "VM Thread" [stack: 0x0000002583700000,0x0000002583800000] [id=23060]
  0x00000201ce61a4c0 WatcherThread [stack: 0x0000002584300000,0x0000002584400000] [id=11924]
  0x00000201b534c470 GCTaskThread "GC Thread#0" [stack: 0x0000002583600000,0x0000002583700000] [id=26308]

Threads with active compile tasks:
C2 CompilerThread0     6991  621       4       lombok.patcher.scripts.MethodLevelPatchScript::patch (21 bytes)
C2 CompilerThread1     6991  632 %     4       sun.security.provider.SHA2::implCompress0 @ 27 (490 bytes)

VM state: not at safepoint (normal execution)

VM Mutex/Monitor currently owned by a thread: None

Heap address: 0x00000000c0000000, size: 1024 MB, Compressed Oops mode: 32-bit

CDS archive(s) not mapped
Compressed class space mapped at: 0x0000000100000000-0x0000000140000000, reserved size: 1073741824
Narrow klass base: 0x0000000000000000, Narrow klass shift: 3, Narrow klass range: 0x140000000

GC Precious Log:
 CPUs: 4 total, 4 available
 Memory: 12219M
 Large Page Support: Disabled
 NUMA Support: Disabled
 Compressed Oops: Enabled (32-bit)
 Alignments: Space 512K, Generation 512K, Heap 2M
 Heap Min Capacity: 100M
 Heap Initial Capacity: 100M
 Heap Max Capacity: 1G
 Pre-touch: Disabled
 Parallel Workers: 4

Heap:
 PSYoungGen      total 29696K, used 14111K [0x00000000eab00000, 0x00000000ecc00000, 0x0000000100000000)
  eden space 25600K, 55% used [0x00000000eab00000,0x00000000eb8c7da0,0x00000000ec400000)
  from space 4096K, 0% used [0x00000000ec800000,0x00000000ec800000,0x00000000ecc00000)
  to   space 4096K, 0% used [0x00000000ec400000,0x00000000ec400000,0x00000000ec800000)
 ParOldGen       total 68608K, used 0K [0x00000000c0000000, 0x00000000c4300000, 0x00000000eab00000)
  object space 68608K, 0% used [0x00000000c0000000,0x00000000c0000000,0x00000000c4300000)
 Metaspace       used 8977K, committed 9152K, reserved 1114112K
  class space    used 880K, committed 960K, reserved 1048576K

Card table byte_map: [0x00000201b4ce0000,0x00000201b4ef0000] _byte_map_base: 0x00000201b46e0000

Marking Bits: (ParMarkBitMap*) 0x00007ff8712fd820
 Begin Bits: [0x00000201c6fe0000, 0x00000201c7fe0000)
 End Bits:   [0x00000201c7fe0000, 0x00000201c8fe0000)

Polling page: 0x00000201b3280000

Metaspace:

Usage:
  Non-class:      7.91 MB used.
      Class:    880.59 KB used.
       Both:      8.77 MB used.

Virtual space:
  Non-class space:       64.00 MB reserved,       8.00 MB ( 12%) committed,  1 nodes.
      Class space:        1.00 GB reserved,     960.00 KB ( <1%) committed,  1 nodes.
             Both:        1.06 GB reserved,       8.94 MB ( <1%) committed. 

Chunk freelists:
   Non-Class:  7.97 MB
       Class:  15.09 MB
        Both:  23.05 MB

MaxMetaspaceSize: unlimited
CompressedClassSpaceSize: 1.00 GB
Initial GC threshold: 21.00 MB
Current GC threshold: 21.00 MB
CDS: off
MetaspaceReclaimPolicy: balanced
 - commit_granule_bytes: 65536.
 - commit_granule_words: 8192.
 - virtual_space_node_default_size: 8388608.
 - enlarge_chunks_in_place: 1.
 - new_chunks_are_fully_committed: 0.
 - uncommit_free_chunks: 1.
 - use_allocation_guard: 0.
 - handle_deallocations: 1.


Internal statistics:

num_allocs_failed_limit: 0.
num_arena_births: 10.
num_arena_deaths: 0.
num_vsnodes_births: 2.
num_vsnodes_deaths: 0.
num_space_committed: 143.
num_space_uncommitted: 0.
num_chunks_returned_to_freelist: 0.
num_chunks_taken_from_freelist: 42.
num_chunk_merges: 0.
num_chunk_splits: 24.
num_chunks_enlarged: 23.
num_inconsistent_stats: 0.

CodeHeap 'non-profiled nmethods': size=120000Kb used=229Kb max_used=229Kb free=119770Kb
 bounds [0x00000201bfab0000, 0x00000201bfd20000, 0x00000201c6fe0000]
CodeHeap 'profiled nmethods': size=120000Kb used=949Kb max_used=949Kb free=119050Kb
 bounds [0x00000201b7fe0000, 0x00000201b8250000, 0x00000201bf510000]
CodeHeap 'non-nmethods': size=5760Kb used=1133Kb max_used=1148Kb free=4626Kb
 bounds [0x00000201bf510000, 0x00000201bf780000, 0x00000201bfab0000]
 total_blobs=1048 nmethods=626 adapters=337
 compilation: enabled
              stopped_count=0, restarted_count=0
 full_count=0

Compilation events (20 events):
Event: 6.890 Thread 0x00000201c91b0160  620       4       java.util.HashSet::iterator (13 bytes)
Event: 6.892 Thread 0x00000201ce3539d0 nmethod 617 0x00000201b80be790 code [0x00000201b80beac0, 0x00000201b80c0608]
Event: 6.892 Thread 0x00000201ce3539d0  618       3       java.lang.invoke.VarHandleByteArrayAsInts$ArrayHandle::get (36 bytes)
Event: 6.892 Thread 0x00000201ce3539d0 nmethod 618 0x00000201b80c0e90 code [0x00000201b80c1060, 0x00000201b80c1518]
Event: 6.892 Thread 0x00000201ce3539d0  613       3       java.io.OutputStream::<init> (5 bytes)
Event: 6.893 Thread 0x00000201ce3539d0 nmethod 613 0x00000201b80c1710 code [0x00000201b80c18a0, 0x00000201b80c19f8]
Event: 6.893 Thread 0x00000201ce3539d0  614       3       sun.security.util.ObjectIdentifier::equals (33 bytes)
Event: 6.893 Thread 0x00000201ce3539d0 nmethod 614 0x00000201b80c1a90 code [0x00000201b80c1c60, 0x00000201b80c2048]
Event: 6.893 Thread 0x00000201ce3539d0  622       3       java.security.Provider$ServiceKey::<init> (39 bytes)
Event: 6.894 Thread 0x00000201ce3539d0 nmethod 622 0x00000201b80c2110 code [0x00000201b80c2300, 0x00000201b80c2748]
Event: 6.894 Thread 0x00000201ce3539d0  623       1       java.security.Provider$UString::toString (5 bytes)
Event: 6.894 Thread 0x00000201ce3539d0 nmethod 623 0x00000201bfae8610 code [0x00000201bfae87a0, 0x00000201bfae8878]
Event: 6.894 Thread 0x00000201ce3539d0  624       1       java.security.Provider$Service::getProvider (5 bytes)
Event: 6.894 Thread 0x00000201ce3539d0 nmethod 624 0x00000201bfae8910 code [0x00000201bfae8aa0, 0x00000201bfae8b78]
Event: 6.899 Thread 0x00000201ce3539d0  625       3       sun.security.provider.SHA2::implCompress0 (490 bytes)
Event: 6.901 Thread 0x00000201ce3539d0 nmethod 625 0x00000201b80c2910 code [0x00000201b80c2b00, 0x00000201b80c3368]
Event: 6.902 Thread 0x00000201ce3539d0  626       3       sun.security.provider.ByteArrayAccess::b2iBig64 (231 bytes)
Event: 6.909 Thread 0x00000201c91b0160 nmethod 620 0x00000201bfae8c10 code [0x00000201bfae8dc0, 0x00000201bfae9318]
Event: 6.909 Thread 0x00000201c91b0160  621       4       lombok.patcher.scripts.MethodLevelPatchScript::patch (21 bytes)
Event: 6.909 Thread 0x00000201ce7504e0  632 %     4       sun.security.provider.SHA2::implCompress0 @ 27 (490 bytes)

GC Heap History (0 events):
No events

Dll operation events (8 events):
Event: 0.023 Loaded shared library c:\Users\Daniyal Khan\.vscode\extensions\redhat.java-1.33.0-win32-x64\jre\17.0.11-win32-x86_64\bin\java.dll
Event: 1.300 Loaded shared library c:\Users\Daniyal Khan\.vscode\extensions\redhat.java-1.33.0-win32-x64\jre\17.0.11-win32-x86_64\bin\zip.dll
Event: 1.314 Loaded shared library C:\Users\Daniyal Khan\.vscode\extensions\redhat.java-1.33.0-win32-x64\jre\17.0.11-win32-x86_64\bin\instrument.dll
Event: 1.494 Loaded shared library C:\Users\Daniyal Khan\.vscode\extensions\redhat.java-1.33.0-win32-x64\jre\17.0.11-win32-x86_64\bin\net.dll
Event: 1.526 Loaded shared library C:\Users\Daniyal Khan\.vscode\extensions\redhat.java-1.33.0-win32-x64\jre\17.0.11-win32-x86_64\bin\nio.dll
Event: 1.551 Loaded shared library C:\Users\Daniyal Khan\.vscode\extensions\redhat.java-1.33.0-win32-x64\jre\17.0.11-win32-x86_64\bin\zip.dll
Event: 1.634 Loaded shared library C:\Users\Daniyal Khan\.vscode\extensions\redhat.java-1.33.0-win32-x64\jre\17.0.11-win32-x86_64\bin\jimage.dll
Event: 2.614 Loaded shared library c:\Users\Daniyal Khan\.vscode\extensions\redhat.java-1.33.0-win32-x64\jre\17.0.11-win32-x86_64\bin\verify.dll

Deoptimization events (20 events):
Event: 6.816 Thread 0x00000201b533e6c0 DEOPT PACKING pc=0x00000201b80aa000 sp=0x00000025835fd420
Event: 6.816 Thread 0x00000201b533e6c0 DEOPT UNPACKING pc=0x00000201bf566e43 sp=0x00000025835fc878 mode 0
Event: 6.816 Thread 0x00000201b533e6c0 DEOPT PACKING pc=0x00000201b80aa000 sp=0x00000025835fd420
Event: 6.816 Thread 0x00000201b533e6c0 DEOPT UNPACKING pc=0x00000201bf566e43 sp=0x00000025835fc878 mode 0
Event: 6.819 Thread 0x00000201b533e6c0 DEOPT PACKING pc=0x00000201b80aa000 sp=0x00000025835fd410
Event: 6.819 Thread 0x00000201b533e6c0 DEOPT UNPACKING pc=0x00000201bf566e43 sp=0x00000025835fc868 mode 0
Event: 6.819 Thread 0x00000201b533e6c0 DEOPT PACKING pc=0x00000201b80aa000 sp=0x00000025835fd410
Event: 6.819 Thread 0x00000201b533e6c0 DEOPT UNPACKING pc=0x00000201bf566e43 sp=0x00000025835fc868 mode 0
Event: 6.819 Thread 0x00000201b533e6c0 DEOPT PACKING pc=0x00000201b80aa000 sp=0x00000025835fd530
Event: 6.820 Thread 0x00000201b533e6c0 DEOPT UNPACKING pc=0x00000201bf566e43 sp=0x00000025835fc988 mode 0
Event: 6.820 Thread 0x00000201b533e6c0 DEOPT PACKING pc=0x00000201b80aa000 sp=0x00000025835fd530
Event: 6.820 Thread 0x00000201b533e6c0 DEOPT UNPACKING pc=0x00000201bf566e43 sp=0x00000025835fc988 mode 0
Event: 6.824 Thread 0x00000201b533e6c0 Uncommon trap: trap_request=0xffffffde fr.pc=0x00000201bfad2750 relative=0x00000000000006d0
Event: 6.824 Thread 0x00000201b533e6c0 Uncommon trap: reason=class_check action=maybe_recompile pc=0x00000201bfad2750 method=java.util.HashMap.putVal(ILjava/lang/Object;Ljava/lang/Object;ZZ)Ljava/lang/Object; @ 91 c2
Event: 6.824 Thread 0x00000201b533e6c0 DEOPT PACKING pc=0x00000201bfad2750 sp=0x00000025835fdb50
Event: 6.824 Thread 0x00000201b533e6c0 DEOPT UNPACKING pc=0x00000201bf5666a3 sp=0x00000025835fdaf0 mode 2
Event: 6.833 Thread 0x00000201b533e6c0 Uncommon trap: trap_request=0xffffff6e fr.pc=0x00000201bfae5670 relative=0x00000000000001f0
Event: 6.833 Thread 0x00000201b533e6c0 Uncommon trap: reason=loop_limit_check action=maybe_recompile pc=0x00000201bfae5670 method=java.math.BigInteger.implMulAdd([I[IIII)I @ 26 c2
Event: 6.833 Thread 0x00000201b533e6c0 DEOPT PACKING pc=0x00000201bfae5670 sp=0x00000025835fd600
Event: 6.833 Thread 0x00000201b533e6c0 DEOPT UNPACKING pc=0x00000201bf5666a3 sp=0x00000025835fd550 mode 2

Classes unloaded (0 events):
No events

Classes redefined (0 events):
No events

Internal exceptions (2 events):
Event: 0.816 Thread 0x00000201b533e6c0 Exception <a 'java/lang/NoSuchMethodError'{0x00000000eacb4d80}: 'void java.lang.invoke.DirectMethodHandle$Holder.invokeStatic(java.lang.Object, java.lang.Object, java.lang.Object)'> (0x00000000eacb4d80) 
thrown [s\src\hotspot\share\interpreter\linkResolver.cpp, line 759]
Event: 2.975 Thread 0x00000201b533e6c0 Exception <a 'java/lang/reflect/InvocationTargetException'{0x00000000eaffaa58}> (0x00000000eaffaa58) 
thrown [s\src\hotspot\share\runtime\reflection.cpp, line 1121]

VM Operations (16 events):
Event: 1.085 Executing VM operation: HandshakeAllThreads
Event: 1.085 Executing VM operation: HandshakeAllThreads done
Event: 1.706 Executing VM operation: HandshakeAllThreads
Event: 1.706 Executing VM operation: HandshakeAllThreads done
Event: 1.706 Executing VM operation: Cleanup
Event: 1.706 Executing VM operation: Cleanup done
Event: 2.721 Executing VM operation: Cleanup
Event: 2.721 Executing VM operation: Cleanup done
Event: 4.726 Executing VM operation: Cleanup
Event: 4.726 Executing VM operation: Cleanup done
Event: 5.727 Executing VM operation: Cleanup
Event: 5.743 Executing VM operation: Cleanup done
Event: 6.757 Executing VM operation: Cleanup
Event: 6.804 Executing VM operation: Cleanup done
Event: 6.887 Executing VM operation: HandshakeAllThreads
Event: 6.887 Executing VM operation: HandshakeAllThreads done

Events (20 events):
Event: 6.886 loading class sun/security/util/KeyUtil done
Event: 6.886 loading class sun/security/util/Length
Event: 6.886 loading class sun/security/util/Length done
Event: 6.886 loading class javax/crypto/SecretKey
Event: 6.886 loading class javax/crypto/SecretKey done
Event: 6.887 loading class java/util/LinkedHashMap$LinkedEntrySet
Event: 6.887 loading class java/util/LinkedHashMap$LinkedEntrySet done
Event: 6.887 loading class java/util/LinkedHashMap$LinkedEntryIterator
Event: 6.887 loading class java/util/LinkedHashMap$LinkedEntryIterator done
Event: 6.889 loading class java/util/Base64
Event: 6.890 loading class java/util/Base64 done
Event: 6.890 loading class java/util/Base64$Decoder
Event: 6.890 loading class java/util/Base64$Decoder done
Event: 6.890 loading class java/util/Base64$Encoder
Event: 6.890 loading class java/util/Base64$Encoder done
Event: 6.891 loading class java/util/jar/JarVerifier$VerifierStream
Event: 6.891 loading class java/util/jar/JarVerifier$VerifierStream done
Event: 6.891 loading class sun/security/util/ManifestEntryVerifier$SunProviderHolder
Event: 6.892 loading class sun/security/util/ManifestEntryVerifier$SunProviderHolder done
Event: 6.909 Thread 0x00000201ce7504e0 Thread added: 0x00000201ce7504e0


Dynamic libraries:
0x00007ff6fe610000 - 0x00007ff6fe61e000 	c:\Users\Daniyal Khan\.vscode\extensions\redhat.java-1.33.0-win32-x64\jre\17.0.11-win32-x86_64\bin\java.exe
0x00007ff8e0530000 - 0x00007ff8e0728000 	C:\WINDOWS\SYSTEM32\ntdll.dll
0x00007ff8e0100000 - 0x00007ff8e01c1000 	C:\WINDOWS\System32\KERNEL32.DLL
0x00007ff8ddbe0000 - 0x00007ff8dded6000 	C:\WINDOWS\System32\KERNELBASE.dll
0x00007ff8de060000 - 0x00007ff8de160000 	C:\WINDOWS\System32\ucrtbase.dll
0x00007ff8da7a0000 - 0x00007ff8da7b7000 	c:\Users\Daniyal Khan\.vscode\extensions\redhat.java-1.33.0-win32-x64\jre\17.0.11-win32-x86_64\bin\jli.dll
0x00007ff8e0350000 - 0x00007ff8e04ef000 	C:\WINDOWS\System32\USER32.dll
0x00007ff8ddee0000 - 0x00007ff8ddf02000 	C:\WINDOWS\System32\win32u.dll
0x00007ff8df920000 - 0x00007ff8df94b000 	C:\WINDOWS\System32\GDI32.dll
0x00007ff8de260000 - 0x00007ff8de377000 	C:\WINDOWS\System32\gdi32full.dll
0x00007ff8ddfc0000 - 0x00007ff8de05d000 	C:\WINDOWS\System32\msvcp_win.dll
0x00007ff8da760000 - 0x00007ff8da77b000 	c:\Users\Daniyal Khan\.vscode\extensions\redhat.java-1.33.0-win32-x64\jre\17.0.11-win32-x86_64\bin\VCRUNTIME140.dll
0x00007ff8cee40000 - 0x00007ff8cf0da000 	C:\WINDOWS\WinSxS\amd64_microsoft.windows.common-controls_6595b64144ccf1df_6.0.19041.4355_none_60b8b9eb71f62e16\COMCTL32.dll
0x00007ff8deaf0000 - 0x00007ff8deb8e000 	C:\WINDOWS\System32\msvcrt.dll
0x00007ff8df950000 - 0x00007ff8df97f000 	C:\WINDOWS\System32\IMM32.DLL
0x00007ff8da970000 - 0x00007ff8da97c000 	c:\Users\Daniyal Khan\.vscode\extensions\redhat.java-1.33.0-win32-x64\jre\17.0.11-win32-x86_64\bin\vcruntime140_1.dll
0x00007ff8b0e50000 - 0x00007ff8b0edd000 	c:\Users\Daniyal Khan\.vscode\extensions\redhat.java-1.33.0-win32-x64\jre\17.0.11-win32-x86_64\bin\msvcp140.dll
0x00007ff870760000 - 0x00007ff8713c2000 	c:\Users\Daniyal Khan\.vscode\extensions\redhat.java-1.33.0-win32-x64\jre\17.0.11-win32-x86_64\bin\server\jvm.dll
0x00007ff8e02a0000 - 0x00007ff8e0350000 	C:\WINDOWS\System32\ADVAPI32.dll
0x00007ff8dec20000 - 0x00007ff8decc0000 	C:\WINDOWS\System32\sechost.dll
0x00007ff8de9c0000 - 0x00007ff8deae3000 	C:\WINDOWS\System32\RPCRT4.dll
0x00007ff8de530000 - 0x00007ff8de557000 	C:\WINDOWS\System32\bcrypt.dll
0x00007ff8dd160000 - 0x00007ff8dd1ab000 	C:\WINDOWS\SYSTEM32\POWRPROF.dll
0x00007ff8c9d80000 - 0x00007ff8c9d89000 	C:\WINDOWS\SYSTEM32\WSOCK32.dll
0x00007ff8df270000 - 0x00007ff8df2db000 	C:\WINDOWS\System32\WS2_32.dll
0x00007ff8cf5c0000 - 0x00007ff8cf5e7000 	C:\WINDOWS\SYSTEM32\WINMM.dll
0x00007ff8cdfc0000 - 0x00007ff8cdfca000 	C:\WINDOWS\SYSTEM32\VERSION.dll
0x00007ff8dcfd0000 - 0x00007ff8dcfe2000 	C:\WINDOWS\SYSTEM32\UMPDC.dll
0x00007ff8dba60000 - 0x00007ff8dba72000 	C:\WINDOWS\SYSTEM32\kernel.appcore.dll
0x00007ff8da500000 - 0x00007ff8da50a000 	c:\Users\Daniyal Khan\.vscode\extensions\redhat.java-1.33.0-win32-x64\jre\17.0.11-win32-x86_64\bin\jimage.dll
0x00007ff8c9eb0000 - 0x00007ff8ca094000 	C:\WINDOWS\SYSTEM32\DBGHELP.DLL
0x00007ff8c9e70000 - 0x00007ff8c9ea4000 	C:\WINDOWS\SYSTEM32\dbgcore.DLL
0x00007ff8de1d0000 - 0x00007ff8de252000 	C:\WINDOWS\System32\bcryptPrimitives.dll
0x00007ff8d9800000 - 0x00007ff8d980e000 	c:\Users\Daniyal Khan\.vscode\extensions\redhat.java-1.33.0-win32-x64\jre\17.0.11-win32-x86_64\bin\instrument.dll
0x00007ff8d1e40000 - 0x00007ff8d1e65000 	c:\Users\Daniyal Khan\.vscode\extensions\redhat.java-1.33.0-win32-x64\jre\17.0.11-win32-x86_64\bin\java.dll
0x00007ff8cc720000 - 0x00007ff8cc738000 	c:\Users\Daniyal Khan\.vscode\extensions\redhat.java-1.33.0-win32-x64\jre\17.0.11-win32-x86_64\bin\zip.dll
0x00007ff8df990000 - 0x00007ff8e00fc000 	C:\WINDOWS\System32\SHELL32.dll
0x00007ff8dbc60000 - 0x00007ff8dc3fe000 	C:\WINDOWS\SYSTEM32\windows.storage.dll
0x00007ff8dedd0000 - 0x00007ff8df123000 	C:\WINDOWS\System32\combase.dll
0x00007ff8dd600000 - 0x00007ff8dd62e000 	C:\WINDOWS\SYSTEM32\Wldp.dll
0x00007ff8e01d0000 - 0x00007ff8e029d000 	C:\WINDOWS\System32\OLEAUT32.dll
0x00007ff8de870000 - 0x00007ff8de91d000 	C:\WINDOWS\System32\SHCORE.dll
0x00007ff8de560000 - 0x00007ff8de5b5000 	C:\WINDOWS\System32\shlwapi.dll
0x00007ff8ddb10000 - 0x00007ff8ddb34000 	C:\WINDOWS\SYSTEM32\profapi.dll
0x00007ff8b6190000 - 0x00007ff8b61a9000 	C:\Users\Daniyal Khan\.vscode\extensions\redhat.java-1.33.0-win32-x64\jre\17.0.11-win32-x86_64\bin\net.dll
0x00007ff8d6a60000 - 0x00007ff8d6b6a000 	C:\WINDOWS\SYSTEM32\WINHTTP.dll
0x00007ff8dd360000 - 0x00007ff8dd3ca000 	C:\WINDOWS\system32\mswsock.dll
0x00007ff8b1840000 - 0x00007ff8b1856000 	C:\Users\Daniyal Khan\.vscode\extensions\redhat.java-1.33.0-win32-x64\jre\17.0.11-win32-x86_64\bin\nio.dll
0x00007ff8d7d60000 - 0x00007ff8d7d70000 	c:\Users\Daniyal Khan\.vscode\extensions\redhat.java-1.33.0-win32-x64\jre\17.0.11-win32-x86_64\bin\verify.dll

dbghelp: loaded successfully - version: 4.0.5 - missing functions: none
symbol engine: initialized successfully - sym options: 0x614 - pdb path: .;c:\Users\Daniyal Khan\.vscode\extensions\redhat.java-1.33.0-win32-x64\jre\17.0.11-win32-x86_64\bin;C:\WINDOWS\SYSTEM32;C:\WINDOWS\WinSxS\amd64_microsoft.windows.common-controls_6595b64144ccf1df_6.0.19041.4355_none_60b8b9eb71f62e16;c:\Users\Daniyal Khan\.vscode\extensions\redhat.java-1.33.0-win32-x64\jre\17.0.11-win32-x86_64\bin\server

VM Arguments:
jvm_args: --add-modules=ALL-SYSTEM --add-opens=java.base/java.util=ALL-UNNAMED --add-opens=java.base/java.lang=ALL-UNNAMED --add-opens=java.base/sun.nio.fs=ALL-UNNAMED -Declipse.application=org.eclipse.jdt.ls.core.id1 -Dosgi.bundles.defaultStartLevel=4 -Declipse.product=org.eclipse.jdt.ls.core.product -Djava.import.generatesMetadataFilesAtProjectRoot=false -DDetectVMInstallationsJob.disabled=true -Dfile.encoding=utf8 -XX:+UseParallelGC -XX:GCTimeRatio=4 -XX:AdaptiveSizePolicyWeight=90 -Dsun.zip.disableMemoryMapping=true -Xmx1G -Xms100m -Xlog:disable -javaagent:c:\Users\Daniyal Khan\.vscode\extensions\redhat.java-1.33.0-win32-x64\lombok\lombok-1.18.33.jar 
java_command: c:\Users\Daniyal Khan\.vscode\extensions\redhat.java-1.33.0-win32-x64\server\plugins\org.eclipse.equinox.launcher_1.6.900.v20240613-2009.jar -configuration c:\Users\Daniyal Khan\AppData\Roaming\Code\User\globalStorage\redhat.java\1.33.0\config_ss_win -data c:\Users\Daniyal Khan\AppData\Roaming\Code\User\workspaceStorage\49a74228c8d75fc2a2430765716ff79a\redhat.java\ss_ws --pipe=\\.\pipe\lsp-b6b553902a98d88bae05be902c66f25e-sock
java_class_path (initial): c:\Users\Daniyal Khan\.vscode\extensions\redhat.java-1.33.0-win32-x64\server\plugins\org.eclipse.equinox.launcher_1.6.900.v20240613-2009.jar
Launcher Type: SUN_STANDARD

[Global flags]
    uintx AdaptiveSizePolicyWeight                 = 90                                        {product} {command line}
     intx CICompilerCount                          = 3                                         {product} {ergonomic}
    uintx GCTimeRatio                              = 4                                         {product} {command line}
   size_t InitialHeapSize                          = 104857600                                 {product} {command line}
   size_t MaxHeapSize                              = 1073741824                                {product} {command line}
   size_t MaxNewSize                               = 357564416                                 {product} {ergonomic}
   size_t MinHeapDeltaBytes                        = 524288                                    {product} {ergonomic}
   size_t MinHeapSize                              = 104857600                                 {product} {command line}
   size_t NewSize                                  = 34603008                                  {product} {ergonomic}
    uintx NonNMethodCodeHeapSize                   = 5832780                                {pd product} {ergonomic}
    uintx NonProfiledCodeHeapSize                  = 122912730                              {pd product} {ergonomic}
   size_t OldSize                                  = 70254592                                  {product} {ergonomic}
    uintx ProfiledCodeHeapSize                     = 122912730                              {pd product} {ergonomic}
    uintx ReservedCodeCacheSize                    = 251658240                              {pd product} {ergonomic}
     bool SegmentedCodeCache                       = true                                      {product} {ergonomic}
   size_t SoftMaxHeapSize                          = 1073741824                             {manageable} {ergonomic}
     bool UseCompressedClassPointers               = true                           {product lp64_product} {ergonomic}
     bool UseCompressedOops                        = true                           {product lp64_product} {ergonomic}
     bool UseLargePagesIndividualAllocation        = false                                  {pd product} {ergonomic}
     bool UseParallelGC                            = true                                      {product} {command line}

Logging:
Log output configuration:
 #0: stdout all=off uptime,level,tags
 #1: stderr all=off uptime,level,tags

Environment Variables:
JAVA_HOME=C:\Program Files\Java\jdk-19
PATH=C:\Program Files (x86)\Common Files\Oracle\Java\javapath;C:\Program Files\Common Files\Oracle\Java\javapath;C:\WINDOWS\system32;C:\WINDOWS;C:\WINDOWS\System32\Wbem;C:\WINDOWS\System32\WindowsPowerShell\v1.0\;C:\WINDOWS\System32\OpenSSH\;C:\Program Files\Git\cmd;C:\Program Files\dotnet\;C:\Program Files (x86)\Common Files\DivX Shared\DesktopService;C:\Program Files\Java\jdk-19\bin;C:\Program Files\nodejs\;C:\Users\Daniyal Khan\AppData\Local\Programs\Python\Python312\Scripts\;C:\Users\Daniyal Khan\AppData\Local\Programs\Python\Python312\;C:\Users\Daniyal Khan\AppData\Local\Microsoft\WindowsApps;C:\Users\Daniyal Khan\AppData\Local\Programs\Microsoft VS Code\bin;C:\Program Files (x86)\Dev-Cpp\MinGW64\bin;C:\Users\Daniyal Khan\AppData\Roaming\npm;C:\Program Files (x86)\Nmap
USERNAME=Daniyal Khan
OS=Windows_NT
PROCESSOR_IDENTIFIER=Intel64 Family 6 Model 69 Stepping 1, GenuineIntel
TMP=C:\Users\DANIYA~1\AppData\Local\Temp
TEMP=C:\Users\DANIYA~1\AppData\Local\Temp



Periodic native trim disabled


---------------  S Y S T E M  ---------------

OS:
 Windows 10 , 64 bit Build 19041 (10.0.19041.4597)
OS uptime: 2 days 18:47 hours

CPU: total 4 (initial active 4) (2 cores per cpu, 2 threads per core) family 6 model 69 stepping 1 microcode 0x25, cx8, cmov, fxsr, ht, mmx, sse, sse2, sse3, ssse3, sse4.1, sse4.2, popcnt, lzcnt, tsc, tscinvbit, avx, avx2, aes, erms, clmul, bmi1, bmi2, fma, vzeroupper, clflush
Processor Information for all 4 processors :
  Max Mhz: 1701, Current Mhz: 1701, Mhz Limit: 1701

Memory: 4k page, system-wide physical 12219M (1412M free)
TotalPageFile size 16833M (AvailPageFile size 0M)
current process WorkingSet (physical memory assigned to process): 53M, peak: 53M
current process commit charge ("private bytes"): 180M, peak: 180M

vm_info: OpenJDK 64-Bit Server VM (17.0.11+9) for windows-amd64 JRE (17.0.11+9), built on Apr 17 2024 06:07:48 by "admin" with MS VC++ 16.10 / 16.11 (VS2019)

END.
